<?xml version="1.0" encoding="UTF-8"?>
<robot generator="Robot 5.0.1 (Python 3.9.13 on win32)" generated="20230415 21:07:56.998" rpa="false" schemaversion="3">
<suite id="s1" name="User" source="c:\Users\alpli\OneDrive\Documents\GitHub\SOEN390-Team05-W23\src\server\tests\systemTests\User\User.robot">
<test id="s1-t1" name="Some Tests" line="10">
<kw name="Launch Browser" library="resource" type="SETUP">
<doc>Launches MS Edge and opens the sign in page.</doc>
<kw name="Open Browser" library="SeleniumLibrary">
<arg>http://localhost:3000/signin</arg>
<arg>Chrome</arg>
<doc>Opens a new browser instance to the optional ``url``.</doc>
<msg timestamp="20230415 21:07:57.710" level="INFO">Opening browser 'Chrome' to base url 'http://localhost:3000/signin'.</msg>
<status status="PASS" starttime="20230415 21:07:57.709" endtime="20230415 21:08:03.466"/>
</kw>
<kw name="Sleep" library="BuiltIn">
<arg>3s</arg>
<doc>Pauses the test executed for the given time.</doc>
<msg timestamp="20230415 21:08:06.471" level="INFO">Slept 3 seconds</msg>
<status status="PASS" starttime="20230415 21:08:03.467" endtime="20230415 21:08:06.471"/>
</kw>
<kw name="Maximize Browser Window" library="SeleniumLibrary">
<doc>Maximizes current browser window.</doc>
<status status="PASS" starttime="20230415 21:08:06.472" endtime="20230415 21:08:06.618"/>
</kw>
<status status="PASS" starttime="20230415 21:07:57.709" endtime="20230415 21:08:06.619"/>
</kw>
<kw name="Login to ConnectIn" library="resource">
<arg>${USER}</arg>
<arg>${PWD}</arg>
<doc>Signs in as a user of the application.
Works with any type of user.</doc>
<kw name="Input Text" library="SeleniumLibrary">
<arg>xpath:(//*[@class='LoginInput'])[1]</arg>
<arg>${USER}</arg>
<doc>Types the given ``text`` into the text field identified by ``locator``.</doc>
<msg timestamp="20230415 21:08:06.626" level="INFO">Typing text 'j.d@email.com' into text field 'xpath:(//*[@class='LoginInput'])[1]'.</msg>
<status status="PASS" starttime="20230415 21:08:06.622" endtime="20230415 21:08:06.929"/>
</kw>
<kw name="Input Text" library="SeleniumLibrary">
<arg>xpath:(//*[@class='LoginInput'])[2]</arg>
<arg>${PWD}</arg>
<doc>Types the given ``text`` into the text field identified by ``locator``.</doc>
<msg timestamp="20230415 21:08:06.930" level="INFO">Typing text 'test123' into text field 'xpath:(//*[@class='LoginInput'])[2]'.</msg>
<status status="PASS" starttime="20230415 21:08:06.930" endtime="20230415 21:08:07.064"/>
</kw>
<kw name="Click Button" library="SeleniumLibrary">
<arg>xpath:(//*[@class='LoginButton'])</arg>
<doc>Clicks the button identified by ``locator``.</doc>
<msg timestamp="20230415 21:08:07.064" level="INFO">Clicking button 'xpath:(//*[@class='LoginButton'])'.</msg>
<status status="PASS" starttime="20230415 21:08:07.064" endtime="20230415 21:08:07.142"/>
</kw>
<kw name="Sleep" library="BuiltIn">
<arg>5s</arg>
<doc>Pauses the test executed for the given time.</doc>
<msg timestamp="20230415 21:08:12.158" level="INFO">Slept 5 seconds</msg>
<status status="PASS" starttime="20230415 21:08:07.143" endtime="20230415 21:08:12.158"/>
</kw>
<status status="PASS" starttime="20230415 21:08:06.621" endtime="20230415 21:08:12.159"/>
</kw>
<kw name="Search for Users" library="resource">
<doc>Searches for a specific user of the application.
If no argument is passed through, all users will
be searched.</doc>
<kw name="Page Should Contain Element" library="SeleniumLibrary">
<arg>xpath:(/html/body/div/div[1]/header/div/div[2]/p/button)</arg>
<doc>Verifies that element ``locator`` is found on the current page.</doc>
<msg timestamp="20230415 21:08:12.177" level="INFO">Current page contains element 'xpath:(/html/body/div/div[1]/header/div/div[2]/p/button)'.</msg>
<status status="PASS" starttime="20230415 21:08:12.161" endtime="20230415 21:08:12.177"/>
</kw>
<if>
<branch type="IF" condition="&quot;${user}&quot; != &quot;nothing&quot;">
<kw name="Input Text" library="SeleniumLibrary">
<arg>xpath:(//*[@id="root"]/div[1]/header/div/div[2]/p/input)</arg>
<arg>${user}</arg>
<doc>Types the given ``text`` into the text field identified by ``locator``.</doc>
<status status="NOT RUN" starttime="20230415 21:08:12.178" endtime="20230415 21:08:12.179"/>
</kw>
<status status="NOT RUN" starttime="20230415 21:08:12.178" endtime="20230415 21:08:12.180"/>
</branch>
<status status="PASS" starttime="20230415 21:08:12.177" endtime="20230415 21:08:12.181"/>
</if>
<kw name="Click Element" library="SeleniumLibrary">
<arg>xpath:(//html/body/div/div[1]/header/div/div[2]/p/button)</arg>
<doc>Click the element identified by ``locator``.</doc>
<msg timestamp="20230415 21:08:12.182" level="INFO">Clicking element 'xpath:(//html/body/div/div[1]/header/div/div[2]/p/button)'.</msg>
<status status="PASS" starttime="20230415 21:08:12.181" endtime="20230415 21:08:12.288"/>
</kw>
<kw name="Sleep" library="BuiltIn">
<arg>2s</arg>
<doc>Pauses the test executed for the given time.</doc>
<msg timestamp="20230415 21:08:14.295" level="INFO">Slept 2 seconds</msg>
<status status="PASS" starttime="20230415 21:08:12.290" endtime="20230415 21:08:14.295"/>
</kw>
<kw name="Page Should Contain Element" library="SeleniumLibrary">
<arg>class:singleUser</arg>
<doc>Verifies that element ``locator`` is found on the current page.</doc>
<msg timestamp="20230415 21:08:14.307" level="INFO">Current page contains element 'class:singleUser'.</msg>
<status status="PASS" starttime="20230415 21:08:14.296" endtime="20230415 21:08:14.307"/>
</kw>
<status status="PASS" starttime="20230415 21:08:12.160" endtime="20230415 21:08:14.308"/>
</kw>
<kw name="Sign Out &amp; Close" library="resource">
<arg>User</arg>
<doc>Signs out from the application.</doc>
<if>
<branch type="IF" condition="${USER_TYPE} == User">
<kw name="Click Element" library="SeleniumLibrary">
<arg>xpath://html/body/div/div[1]/header/div/div[3]/button[7]</arg>
<doc>Click the element identified by ``locator``.</doc>
<msg timestamp="20230415 21:08:14.319" level="INFO">Clicking element 'xpath://html/body/div/div[1]/header/div/div[3]/button[7]'.</msg>
<status status="PASS" starttime="20230415 21:08:14.318" endtime="20230415 21:08:14.391"/>
</kw>
<status status="PASS" starttime="20230415 21:08:14.318" endtime="20230415 21:08:14.391"/>
</branch>
<branch type="ELSE IF" condition="${USER_TYPE} == Recruiter">
<kw name="Click Element" library="SeleniumLibrary">
<arg>xpath://html/body/div/div[1]/header/div/div[3]/button[10]</arg>
<doc>Click the element identified by ``locator``.</doc>
<status status="NOT RUN" starttime="20230415 21:08:14.392" endtime="20230415 21:08:14.392"/>
</kw>
<status status="NOT RUN" starttime="20230415 21:08:14.391" endtime="20230415 21:08:14.392"/>
</branch>
<branch type="ELSE IF" condition="${USER_TYPE} == Administrator">
<kw name="Click Element" library="SeleniumLibrary">
<arg>xpath:(//*[@id="root"]/div[1]/header/div/div[3]/button[11])</arg>
<doc>Click the element identified by ``locator``.</doc>
<status status="NOT RUN" starttime="20230415 21:08:14.393" endtime="20230415 21:08:14.394"/>
</kw>
<status status="NOT RUN" starttime="20230415 21:08:14.392" endtime="20230415 21:08:14.394"/>
</branch>
<branch type="ELSE">
<kw name="Fail" library="BuiltIn">
<arg>"Invalid User Type"</arg>
<doc>Fails the test with the given message and optionally alters its tags.</doc>
<status status="NOT RUN" starttime="20230415 21:08:14.395" endtime="20230415 21:08:14.395"/>
</kw>
<status status="NOT RUN" starttime="20230415 21:08:14.394" endtime="20230415 21:08:14.396"/>
</branch>
<status status="PASS" starttime="20230415 21:08:14.309" endtime="20230415 21:08:14.396"/>
</if>
<kw name="Sleep" library="BuiltIn">
<arg>3s</arg>
<doc>Pauses the test executed for the given time.</doc>
<msg timestamp="20230415 21:08:17.412" level="INFO">Slept 3 seconds</msg>
<status status="PASS" starttime="20230415 21:08:14.397" endtime="20230415 21:08:17.413"/>
</kw>
<kw name="Close Browser" library="SeleniumLibrary">
<doc>Closes the current browser.</doc>
<status status="PASS" starttime="20230415 21:08:17.415" endtime="20230415 21:08:20.227"/>
</kw>
<status status="PASS" starttime="20230415 21:08:14.308" endtime="20230415 21:08:20.228"/>
</kw>
<status status="PASS" starttime="20230415 21:07:57.708" endtime="20230415 21:08:20.229"/>
</test>
<doc>This is a Robot File that runs
some user system tests.</doc>
<status status="PASS" starttime="20230415 21:07:57.009" endtime="20230415 21:08:20.231"/>
</suite>
<statistics>
<total>
<stat pass="1" fail="0" skip="0">All Tests</stat>
</total>
<tag>
</tag>
<suite>
<stat pass="1" fail="0" skip="0" id="s1" name="User">User</stat>
</suite>
</statistics>
<errors>
</errors>
</robot>
